<?xml version="1.0" encoding="UTF-8" ?>
<testsuite tests="4" failures="1" name="TestSuite" time="65.386" errors="0" skipped="0">
  <properties>
    <property name="java.runtime.name" value="OpenJDK Runtime Environment"/>
    <property name="java.vm.version" value="11.0.19+7-post-Ubuntu-0ubuntu122.04.1"/>
    <property name="sun.boot.library.path" value="/usr/lib/jvm/java-11-openjdk-amd64/lib"/>
    <property name="maven.multiModuleProjectDirectory" value="/home/beeweb/Desktop/Projects/JavaProjects/CMS_Administration"/>
    <property name="java.vm.vendor" value="Ubuntu"/>
    <property name="java.vendor.url" value="https://ubuntu.com/"/>
    <property name="guice.disable.misplaced.annotation.check" value="true"/>
    <property name="browserType" value="chrome"/>
    <property name="path.separator" value=":"/>
    <property name="java.vm.name" value="OpenJDK 64-Bit Server VM"/>
    <property name="sun.os.patch.level" value="unknown"/>
    <property name="user.country" value="US"/>
    <property name="sun.java.launcher" value="SUN_STANDARD"/>
    <property name="java.vm.specification.name" value="Java Virtual Machine Specification"/>
    <property name="user.dir" value="/home/beeweb/Desktop/Projects/JavaProjects/CMS_Administration"/>
    <property name="java.vm.compressedOopsMode" value="Zero based"/>
    <property name="java.runtime.version" value="11.0.19+7-post-Ubuntu-0ubuntu122.04.1"/>
    <property name="java.awt.graphicsenv" value="sun.awt.X11GraphicsEnvironment"/>
    <property name="os.arch" value="amd64"/>
    <property name="java.io.tmpdir" value="/tmp"/>
    <property name="line.separator" value="
"/>
    <property name="java.vm.specification.vendor" value="Oracle Corporation"/>
    <property name="os.name" value="Linux"/>
    <property name="classworlds.conf" value="/usr/share/maven/bin/m2.conf"/>
    <property name="sun.jnu.encoding" value="UTF-8"/>
    <property name="java.library.path" value="/usr/java/packages/lib:/usr/lib/x86_64-linux-gnu/jni:/lib/x86_64-linux-gnu:/usr/lib/x86_64-linux-gnu:/usr/lib/jni:/lib:/usr/lib"/>
    <property name="maven.conf" value="/usr/share/maven/conf"/>
    <property name="jdk.debug" value="release"/>
    <property name="java.class.version" value="55.0"/>
    <property name="java.specification.name" value="Java Platform API Specification"/>
    <property name="sun.management.compiler" value="HotSpot 64-Bit Tiered Compilers"/>
    <property name="os.version" value="5.19.0-43-generic"/>
    <property name="library.jansi.path" value="/usr/share/maven/lib/jansi-native"/>
    <property name="user.home" value="/home/beeweb"/>
    <property name="user.timezone" value="Asia/Yerevan"/>
    <property name="java.awt.printerjob" value="sun.print.PSPrinterJob"/>
    <property name="file.encoding" value="UTF-8"/>
    <property name="java.specification.version" value="11"/>
    <property name="user.name" value="beeweb"/>
    <property name="java.class.path" value="/usr/share/maven/boot/plexus-classworlds-2.x.jar"/>
    <property name="java.vm.specification.version" value="11"/>
    <property name="sun.arch.data.model" value="64"/>
    <property name="sun.java.command" value="org.codehaus.plexus.classworlds.launcher.Launcher test -DbrowserType=chrome -Denvironment=qa"/>
    <property name="java.home" value="/usr/lib/jvm/java-11-openjdk-amd64"/>
    <property name="user.language" value="en"/>
    <property name="java.specification.vendor" value="Oracle Corporation"/>
    <property name="awt.toolkit" value="sun.awt.X11.XToolkit"/>
    <property name="java.vm.info" value="mixed mode, sharing"/>
    <property name="java.version" value="11.0.19"/>
    <property name="java.vendor" value="Ubuntu"/>
    <property name="environment" value="qa"/>
    <property name="maven.home" value="/usr/share/maven"/>
    <property name="file.separator" value="/"/>
    <property name="java.version.date" value="2023-04-18"/>
    <property name="java.vendor.url.bug" value="https://bugs.launchpad.net/ubuntu/+source/openjdk-lts"/>
    <property name="sun.io.unicode.encoding" value="UnicodeLittle"/>
    <property name="sun.cpu.endian" value="little"/>
    <property name="sun.desktop" value="gnome"/>
    <property name="sun.cpu.isalist" value=""/>
  </properties>
  <testcase classname="tests.SelectProjectTest" name="selectProject" time="5.288"/>
  <testcase classname="tests.PrintOrSendEmailTest" name="sendNewTemplate" time="42.829">
    <failure type="java.lang.NullPointerException">java.lang.NullPointerException
	at org.openqa.selenium.support.ui.ExpectedConditions.elementIfVisible(ExpectedConditions.java:307)
	at org.openqa.selenium.support.ui.ExpectedConditions.access$000(ExpectedConditions.java:40)
	at org.openqa.selenium.support.ui.ExpectedConditions$10.apply(ExpectedConditions.java:293)
	at org.openqa.selenium.support.ui.ExpectedConditions$10.apply(ExpectedConditions.java:290)
	at org.openqa.selenium.support.ui.ExpectedConditions$23.apply(ExpectedConditions.java:660)
	at org.openqa.selenium.support.ui.ExpectedConditions$23.apply(ExpectedConditions.java:656)
	at org.openqa.selenium.support.ui.FluentWait.until(FluentWait.java:208)
	at pages.FundamentalUse.waitForElementToBeClickable(FundamentalUse.java:40)
	at pages.FundamentalUse.click(FundamentalUse.java:28)
	at pages.MemberPreviewPage.goToNeededTabOnMemberPage(MemberPreviewPage.java:24)
	at tests.PrintOrSendEmailTest.sendNewTemplate(PrintOrSendEmailTest.java:28)
</failure>
    <system-err>Starting ChromeDriver 112.0.5615.49 (bd2a7bcb881c11e8cfe3078709382934e3916914-refs/branch-heads/5615@{#936}) on port 32234
Only local connections are allowed.
Please see https://chromedriver.chromium.org/security-considerations for suggestions on keeping ChromeDriver safe.
ChromeDriver was started successfully.
Jun 11, 2023 8:44:36 PM pages.FundamentalUse sendKeys
INFO: Filling field with text qaAdminSub
Jun 11, 2023 8:44:36 PM pages.FundamentalUse sendKeys
INFO: Filling field with text test
Jun 11, 2023 8:44:36 PM pages.FundamentalUse click
INFO: Clicking to 
Jun 11, 2023 8:44:36 PM pages.FundamentalUse click
INFO: Clicking to Login
Jun 11, 2023 8:44:40 PM pages.FundamentalUse click
INFO: Clicking to QA-sub
prj::ffc8bd13-16a7-4c86-bc68-45c50d514f5e
Jun 11, 2023 8:44:53 PM pages.FundamentalUse click
INFO: Clicking to Manage
Jun 11, 2023 8:44:53 PM pages.FundamentalUse click
INFO: Clicking to Overview
Jun 11, 2023 8:45:01 PM pages.FundamentalUse click
INFO: Clicking to 
Jun 11, 2023 8:45:02 PM pages.FundamentalUse click
INFO: Clicking to Send
Jun 11, 2023 8:45:09 PM pages.FundamentalUse click
INFO: Clicking to Send
Jun 11, 2023 8:45:09 PM pages.FundamentalUse click
INFO: Clicking to 
Jun 11, 2023 8:45:10 PM pages.FundamentalUse click
INFO: Clicking to 
</system-err>
  </testcase>
  <testcase classname="tests.LoginTest" name="loginValidation" time="15.862"/>
  <testcase classname="tests.LoginTest" name="loginValidation" time="1.407"/>
</testsuite>