<?xml version="1.0" encoding="UTF-8"?>
<!-- Generated by org.testng.reporters.JUnitReportReporter -->
<testsuite hostname="beeweb-Lenovo-ideapad-330-15IKB" failures="0" tests="1" name="tests.PrintOrSendEmailTest" time="52.553" errors="0" timestamp="2023-07-04T15:05:43 AMT" skipped="0">
  <testcase classname="tests.PrintOrSendEmailTest" name="sendNewTemplate" time="52.553"/>
  <system-out/>
</testsuite> <!-- tests.PrintOrSendEmailTest -->
