<?xml version="1.0" encoding="UTF-8"?>
<!-- Generated by org.testng.reporters.JUnitReportReporter -->
<testsuite hostname="beeweb-Lenovo-ideapad-330-15IKB" failures="0" tests="2" name="tests.LoginTest" time="67.058" errors="0" timestamp="2023-06-21T13:05:52 AMT" skipped="0">
  <testcase classname="tests.LoginTest" name="loginWithValidData" time="59.039"/>
  <system-out/>
  <testcase classname="tests.LoginTest" name="loginWithInValidData" time="8.019"/>
  <system-out/>
</testsuite> <!-- tests.LoginTest -->
