<?xml version="1.0" encoding="UTF-8"?>
<!-- Generated by org.testng.reporters.JUnitReportReporter -->
<testsuite hostname="beeweb-Lenovo-ideapad-330-15IKB" failures="0" tests="2" name="tests.LoginTest" time="73.414" errors="0" timestamp="2023-07-04T14:00:01 AMT" skipped="0">
  <testcase classname="tests.LoginTest" name="loginWithValidData" time="62.195"/>
  <system-out/>
  <testcase classname="tests.LoginTest" name="loginWithInValidData" time="11.219"/>
  <system-out/>
</testsuite> <!-- tests.LoginTest -->
