<?xml version="1.0" encoding="UTF-8"?>
<!-- Generated by org.testng.reporters.JUnitReportReporter -->
<testsuite hostname="beeweb-Lenovo-ideapad-330-15IKB" failures="0" tests="2" name="tests.LoginTest" time="76.508" errors="0" timestamp="2023-06-12T16:37:54 AMT" skipped="0">
  <testcase classname="tests.LoginTest" name="loginWithInValidData" time="12.315"/>
  <system-out/>
  <testcase classname="tests.LoginTest" name="loginWithValidData" time="64.193"/>
  <system-out/>
</testsuite> <!-- tests.LoginTest -->
