<?xml version="1.0" encoding="UTF-8"?>
<!-- Generated by org.testng.reporters.JUnitReportReporter -->
<testsuite hostname="beeweb-Lenovo-ideapad-330-15IKB" failures="0" tests="1" name="tests.SelectProjectTest" time="22.433" errors="0" timestamp="2023-06-11T20:46:04 AMT" skipped="0">
  <testcase classname="tests.SelectProjectTest" name="selectProject" time="22.433"/>
  <system-out/>
</testsuite> <!-- tests.SelectProjectTest -->
